SF:lib/screen/nav_screen.dart
DA:6,1
DA:7,1
LF:2
LH:2
end_of_record
SF:lib/dialog/dialog.dart
DA:9,2
DA:21,1
DA:22,1
DA:39,2
DA:40,4
DA:43,2
DA:44,4
DA:45,4
DA:49,4
DA:50,2
DA:51,2
DA:52,2
DA:53,2
DA:54,2
DA:55,2
DA:56,2
DA:57,2
DA:58,2
DA:59,2
DA:60,2
DA:61,2
DA:62,2
DA:64,2
DA:65,4
DA:69,1
DA:70,1
DA:71,1
DA:72,1
DA:73,1
DA:74,1
DA:75,1
DA:76,1
DA:77,1
DA:79,1
DA:80,2
DA:85,1
DA:86,1
DA:87,1
DA:88,1
DA:89,1
DA:90,1
DA:91,1
DA:92,1
DA:93,1
DA:95,1
DA:96,2
DA:100,1
DA:101,1
DA:103,1
DA:104,1
DA:105,1
DA:106,1
DA:107,1
DA:108,1
DA:109,1
DA:110,1
DA:111,2
DA:118,1
DA:119,2
DA:122,2
DA:123,1
DA:128,1
DA:133,1
DA:134,2
DA:140,1
DA:145,1
DA:146,1
DA:149,3
DA:155,2
DA:160,2
DA:161,2
DA:164,6
DA:170,1
DA:175,1
DA:176,1
DA:179,3
DA:185,1
DA:190,1
DA:191,1
DA:194,3
DA:200,1
DA:202,3
DA:203,3
DA:205,1
DA:206,1
DA:207,1
DA:210,2
DA:217,2
DA:235,2
DA:236,2
DA:238,2
DA:239,2
DA:241,2
DA:243,2
DA:244,4
DA:245,2
DA:250,4
DA:255,2
DA:256,2
DA:260,2
DA:266,2
DA:268,2
DA:270,2
DA:272,2
DA:274,1
DA:276,1
DA:277,0
LF:107
LH:106
end_of_record
SF:lib/enum/enum_nav_ani.dart
DA:12,1
DA:14,1
DA:15,1
DA:16,1
DA:17,1
DA:19,1
DA:20,1
DA:21,1
DA:22,1
DA:23,1
DA:24,1
DA:25,1
DA:26,1
DA:27,1
DA:28,3
DA:29,3
DA:31,1
DA:32,2
LF:18
LH:18
end_of_record
SF:lib/nav.dart
DA:22,3
DA:25,5
DA:27,5
DA:28,5
DA:33,1
DA:37,1
DA:42,1
DA:46,1
DA:49,2
DA:52,2
DA:56,9
DA:63,1
DA:71,2
DA:72,1
DA:77,1
DA:81,2
DA:82,2
DA:83,1
DA:89,1
DA:100,5
DA:101,5
DA:103,2
DA:104,1
DA:105,2
DA:106,1
DA:118,1
DA:125,3
DA:126,2
DA:132,1
DA:140,2
DA:141,1
DA:142,2
DA:149,1
DA:156,2
DA:157,1
DA:158,2
DA:159,1
DA:162,1
DA:166,1
DA:171,2
DA:173,4
DA:175,2
DA:180,1
DA:181,3
DA:184,1
DA:185,1
DA:186,2
DA:187,1
LF:48
LH:48
end_of_record
SF:lib/dialog/dialog_state.dart
DA:7,2
DA:10,2
DA:11,6
DA:14,2
DA:16,2
DA:17,4
DA:19,2
LF:7
LH:7
end_of_record
SF:lib/test/nav_app_for_testing.dart
DA:6,9
DA:8,3
DA:10,3
DA:11,3
DA:15,3
DA:17,3
DA:18,6
DA:19,3
DA:23,3
DA:25,3
LF:10
LH:10
end_of_record
SF:lib/dialog/mutable_value.dart
DA:4,2
LF:1
LH:1
end_of_record
SF:lib/route/clipper_circle.dart
DA:13,2
DA:21,2
DA:23,4
DA:24,2
DA:25,2
DA:27,2
DA:28,2
DA:29,2
DA:31,4
DA:36,2
LF:10
LH:10
end_of_record
SF:lib/route/blink_route_builder.dart
DA:7,1
DA:8,1
DA:9,1
LF:3
LH:3
end_of_record
SF:lib/route/fade_route_builder.dart
DA:8,1
DA:9,1
DA:10,1
DA:14,1
DA:15,1
DA:19,1
DA:20,2
LF:7
LH:7
end_of_record
SF:lib/route/ripple_route_builder.dart
DA:20,1
DA:27,1
DA:28,1
DA:29,1
DA:33,1
DA:42,1
DA:49,1
DA:50,1
DA:51,1
DA:52,1
DA:53,1
DA:54,1
DA:55,1
LF:13
LH:13
end_of_record
SF:lib/route/slide_route_builder.dart
DA:8,1
DA:10,1
DA:11,1
DA:15,1
DA:16,1
DA:20,1
DA:21,1
DA:24,1
DA:33,1
DA:35,1
DA:36,1
DA:40,1
DA:41,1
DA:45,1
DA:46,1
DA:49,1
DA:58,1
DA:59,1
DA:60,1
DA:64,1
DA:65,1
DA:69,1
DA:70,1
DA:73,1
DA:82,1
DA:83,1
DA:84,1
DA:88,1
DA:89,1
DA:93,1
DA:94,1
DA:97,1
LF:32
LH:32
end_of_record
SF:lib/setting/nav_setting.dart
DA:2,2
LF:1
LH:1
end_of_record
SF:lib/route/custom_page_route_builder.dart
DA:3,1
DA:16,1
DA:26,1
DA:56,1
DA:59,2
DA:62,1
DA:65,2
LF:7
LH:7
end_of_record
