SF:lib/screen/nav_screen.dart
DA:6,1
DA:7,1
LF:2
LH:2
end_of_record
SF:lib/dialog/dialog.dart
DA:9,2
DA:21,1
DA:22,1
DA:39,2
DA:40,4
DA:43,2
DA:44,4
DA:45,4
DA:49,4
DA:50,2
DA:51,2
DA:52,2
DA:53,2
DA:54,2
DA:55,2
DA:56,2
DA:57,2
DA:58,2
DA:59,2
DA:60,2
DA:61,2
DA:62,2
DA:64,2
DA:65,4
DA:69,1
DA:70,1
DA:71,1
DA:72,1
DA:73,1
DA:74,1
DA:75,1
DA:76,1
DA:77,1
DA:79,1
DA:80,2
DA:85,1
DA:86,1
DA:87,1
DA:88,1
DA:89,1
DA:90,1
DA:91,1
DA:92,1
DA:93,1
DA:95,1
DA:96,2
DA:102,1
DA:104,1
DA:105,1
DA:106,1
DA:107,1
DA:108,1
DA:109,1
DA:110,1
DA:111,1
DA:112,2
DA:119,1
DA:120,2
DA:123,2
DA:124,1
DA:129,1
DA:134,1
DA:135,2
DA:141,1
DA:146,1
DA:147,1
DA:150,3
DA:156,2
DA:161,2
DA:162,2
DA:165,6
DA:171,1
DA:176,1
DA:177,1
DA:180,3
DA:186,1
DA:191,1
DA:192,1
DA:195,3
DA:201,1
DA:203,3
DA:204,3
DA:206,1
DA:207,1
DA:208,1
DA:211,2
DA:218,2
DA:236,2
DA:237,2
DA:239,2
DA:240,2
DA:242,2
DA:244,2
DA:245,4
DA:246,2
DA:251,4
DA:256,2
DA:257,2
DA:261,2
DA:267,2
DA:269,2
DA:271,2
DA:273,2
DA:275,1
LF:104
LH:104
end_of_record
SF:lib/enum/enum_nav_ani.dart
DA:12,1
DA:14,1
DA:15,1
DA:16,1
DA:17,1
DA:19,1
DA:20,1
DA:21,1
DA:22,1
DA:23,1
DA:24,1
DA:25,1
DA:26,1
DA:27,1
DA:28,3
DA:29,3
DA:31,1
DA:32,2
LF:18
LH:18
end_of_record
SF:lib/nav.dart
DA:22,3
DA:25,4
DA:27,4
DA:28,4
DA:33,1
DA:37,1
DA:42,1
DA:46,1
DA:49,2
DA:52,2
DA:56,9
DA:63,1
DA:71,2
DA:72,1
DA:76,1
DA:80,2
DA:81,2
DA:82,1
DA:88,1
DA:99,5
DA:100,5
DA:102,2
DA:103,1
DA:104,2
DA:105,1
DA:117,1
DA:124,1
DA:125,4
DA:131,1
DA:139,2
DA:140,3
DA:147,1
DA:154,2
DA:155,3
DA:156,1
DA:159,1
DA:163,1
DA:167,2
DA:169,4
DA:171,2
DA:176,1
DA:177,3
DA:180,1
DA:181,1
DA:182,2
DA:183,1
LF:46
LH:46
end_of_record
SF:lib/dialog/dialog_state.dart
DA:7,2
DA:10,2
DA:11,6
DA:14,2
DA:16,2
DA:17,4
DA:19,2
LF:7
LH:7
end_of_record
SF:lib/test/nav_app_for_testing.dart
DA:6,6
DA:8,2
DA:10,2
DA:11,2
DA:15,2
DA:17,2
DA:18,4
DA:19,2
DA:23,2
DA:25,2
LF:10
LH:10
end_of_record
SF:lib/dialog/mutable_value.dart
DA:4,2
LF:1
LH:1
end_of_record
SF:lib/route/clipper_circle.dart
DA:13,2
DA:21,2
DA:24,4
DA:25,2
DA:26,2
DA:28,2
DA:29,2
DA:30,2
DA:32,4
DA:37,2
LF:10
LH:10
end_of_record
SF:lib/route/blink_route_builder.dart
DA:7,1
DA:8,1
DA:9,1
LF:3
LH:3
end_of_record
SF:lib/route/fade_route_builder.dart
DA:8,1
DA:9,1
DA:10,1
DA:14,1
DA:15,1
DA:19,1
DA:20,2
LF:7
LH:7
end_of_record
SF:lib/route/ripple_route_builder.dart
DA:20,1
DA:27,1
DA:28,1
DA:29,1
DA:33,1
DA:42,1
DA:49,1
DA:50,1
DA:51,1
DA:52,1
DA:53,1
DA:54,1
DA:55,1
LF:13
LH:13
end_of_record
SF:lib/route/slide_route_builder.dart
DA:8,1
DA:9,1
DA:10,1
DA:14,1
DA:15,1
DA:19,1
DA:20,1
DA:23,1
DA:32,1
DA:33,1
DA:34,1
DA:38,1
DA:39,1
DA:43,1
DA:44,1
DA:47,1
DA:56,1
DA:57,1
DA:58,1
DA:62,1
DA:63,1
DA:67,1
DA:68,1
DA:71,1
DA:80,1
DA:81,1
DA:82,1
DA:86,1
DA:87,1
DA:91,1
DA:92,1
DA:95,1
LF:32
LH:32
end_of_record
SF:lib/setting/nav_setting.dart
DA:2,2
LF:1
LH:1
end_of_record
SF:lib/route/custom_page_route_builder.dart
DA:3,1
DA:16,1
DA:26,1
DA:56,1
DA:59,2
DA:62,1
DA:65,2
LF:7
LH:7
end_of_record
